SF:lib\src\pages\widgets\password_dot_validation_widget.dart
DA:12,3
DA:20,3
DA:22,3
DA:23,3
DA:24,3
DA:25,3
DA:26,3
DA:27,3
DA:28,9
DA:29,3
DA:31,3
DA:32,3
DA:35,3
DA:36,3
DA:40,3
DA:42,3
DA:43,3
DA:50,3
DA:51,3
DA:52,3
LF:20
LH:20
end_of_record
SF:lib\src\pages\widgets\password_validation_button.dart
DA:10,2
DA:12,2
DA:14,2
DA:15,6
DA:17,2
DA:18,2
DA:19,2
DA:20,2
DA:21,2
DA:23,2
DA:24,2
DA:27,1
DA:28,2
DA:29,2
DA:30,2
DA:31,2
DA:33,2
LF:17
LH:17
end_of_record
SF:lib\src\pages\validation_page.dart
DA:8,1
DA:10,1
DA:11,1
DA:19,1
DA:21,2
DA:22,2
DA:23,1
DA:26,1
DA:28,1
DA:29,1
DA:31,1
DA:32,1
DA:37,1
DA:39,1
DA:40,1
DA:41,1
DA:42,1
DA:44,1
DA:46,1
DA:52,1
DA:54,1
DA:60,1
DA:61,1
DA:62,1
DA:65,1
DA:67,1
DA:68,1
DA:69,1
DA:72,1
DA:74,1
DA:75,1
DA:76,1
DA:78,1
DA:79,1
DA:80,2
DA:81,2
DA:85,1
DA:86,1
DA:87,1
DA:88,1
DA:89,1
LF:41
LH:41
end_of_record
SF:lib\src\pages\widgets\password_validation_panel_widget.dart
DA:10,2
DA:17,2
DA:19,2
DA:26,2
DA:29,2
DA:32,2
DA:33,2
DA:34,2
DA:36,4
DA:37,6
DA:39,4
DA:40,6
DA:43,2
DA:46,2
DA:47,6
DA:48,2
DA:51,2
DA:52,6
DA:53,4
DA:54,2
DA:55,6
DA:59,2
DA:61,2
DA:64,2
DA:65,2
DA:66,2
DA:67,2
DA:69,2
DA:77,2
DA:79,2
DA:80,2
DA:82,2
DA:84,2
DA:86,2
DA:87,2
DA:89,2
DA:91,2
DA:93,2
DA:94,2
DA:96,2
DA:98,2
DA:100,2
DA:101,2
DA:103,2
DA:105,2
DA:106,4
DA:107,2
DA:108,2
DA:110,2
DA:111,2
DA:113,6
DA:114,2
LF:52
LH:52
end_of_record
SF:lib\src\shared\custom_textfield_pwd.dart
DA:9,2
DA:16,2
DA:17,2
DA:22,2
DA:24,8
DA:26,2
DA:30,2
DA:31,2
DA:32,1
DA:33,2
DA:34,2
DA:37,2
DA:38,2
LF:13
LH:13
end_of_record
SF:lib\src\shared\custom_text_field.dart
DA:15,2
DA:28,2
DA:29,2
DA:33,2
DA:36,2
DA:37,2
DA:38,2
DA:39,2
DA:40,2
DA:41,2
DA:42,2
DA:43,2
DA:44,2
DA:45,2
DA:47,2
DA:50,2
DA:51,2
DA:53,2
DA:59,2
DA:65,2
DA:70,2
DA:71,2
LF:22
LH:22
end_of_record
